<?xml version="1.0" encoding="UTF-8"?>
<testng-results ignored="0" total="1" passed="1" failed="0" skipped="0">
  <reporter-output>
    <line>
      <![CDATA[database connected]]>
    </line>
    <line>
      <![CDATA[browser launched]]>
    </line>
    <line>
      <![CDATA[logged in successfully]]>
    </line>
    <line>
      <![CDATA[logged out successfully]]>
    </line>
    <line>
      <![CDATA[browser sucessfully closed]]>
    </line>
    <line>
      <![CDATA[database disconnected sucessfully]]>
    </line>
  </reporter-output>
  <suite started-at="2023-12-26T13:00:59 IST" name="Default suite" finished-at="2023-12-26T13:02:12 IST" duration-ms="73532">
    <groups>
    </groups>
    <test started-at="2023-12-26T13:00:59 IST" name="Default test" finished-at="2023-12-26T13:02:12 IST" duration-ms="73532">
      <class name="com.Actitime.Testscripts.CreateCustomer">
        <test-method is-config="true" signature="connectDatabase()[pri:0, instance:com.Actitime.Testscripts.CreateCustomer@70cf32e3]" started-at="2023-12-26T13:00:59 IST" name="connectDatabase" finished-at="2023-12-26T13:00:59 IST" duration-ms="15" status="PASS">
          <reporter-output>
            <line>
              <![CDATA[database connected]]>
            </line>
          </reporter-output>
        </test-method> <!-- connectDatabase -->
        <test-method is-config="true" signature="launchBrowser()[pri:0, instance:com.Actitime.Testscripts.CreateCustomer@70cf32e3]" started-at="2023-12-26T13:00:59 IST" name="launchBrowser" finished-at="2023-12-26T13:02:01 IST" duration-ms="62013" status="PASS">
          <reporter-output>
            <line>
              <![CDATA[browser launched]]>
            </line>
          </reporter-output>
        </test-method> <!-- launchBrowser -->
        <test-method is-config="true" signature="login()[pri:0, instance:com.Actitime.Testscripts.CreateCustomer@70cf32e3]" started-at="2023-12-26T13:02:01 IST" name="login" finished-at="2023-12-26T13:02:01 IST" duration-ms="403" status="PASS">
          <reporter-output>
            <line>
              <![CDATA[logged in successfully]]>
            </line>
          </reporter-output>
        </test-method> <!-- login -->
        <test-method signature="createcust()[pri:0, instance:com.Actitime.Testscripts.CreateCustomer@70cf32e3]" started-at="2023-12-26T13:02:01 IST" name="createcust" finished-at="2023-12-26T13:02:01 IST" duration-ms="24" status="PASS">
          <reporter-output>
          </reporter-output>
        </test-method> <!-- createcust -->
        <test-method is-config="true" signature="logout()[pri:0, instance:com.Actitime.Testscripts.CreateCustomer@70cf32e3]" started-at="2023-12-26T13:02:01 IST" name="logout" finished-at="2023-12-26T13:02:12 IST" duration-ms="10893" status="PASS">
          <reporter-output>
            <line>
              <![CDATA[logged out successfully]]>
            </line>
          </reporter-output>
        </test-method> <!-- logout -->
        <test-method is-config="true" signature="closeBrowser()[pri:0, instance:com.Actitime.Testscripts.CreateCustomer@70cf32e3]" started-at="2023-12-26T13:02:12 IST" name="closeBrowser" finished-at="2023-12-26T13:02:12 IST" duration-ms="140" status="PASS">
          <reporter-output>
            <line>
              <![CDATA[browser sucessfully closed]]>
            </line>
          </reporter-output>
        </test-method> <!-- closeBrowser -->
        <test-method is-config="true" signature="DisconnectDatabase()[pri:0, instance:com.Actitime.Testscripts.CreateCustomer@70cf32e3]" started-at="2023-12-26T13:02:12 IST" name="DisconnectDatabase" finished-at="2023-12-26T13:02:12 IST" duration-ms="1" status="PASS">
          <reporter-output>
            <line>
              <![CDATA[database disconnected sucessfully]]>
            </line>
          </reporter-output>
        </test-method> <!-- DisconnectDatabase -->
      </class> <!-- com.Actitime.Testscripts.CreateCustomer -->
    </test> <!-- Default test -->
  </suite> <!-- Default suite -->
</testng-results>
